2021-06-19 20:03:22,631 - INFO - ******************test_homePageTitle*************************
2021-06-19 20:03:22,633 - INFO - ******************Started*************************
2021-06-19 20:03:27,455 - INFO - ******************Pass_test_homePageTitle*********************************
2021-06-19 20:03:29,898 - INFO - ******************test_login_testcase_002*********************************
2021-06-19 20:03:29,898 - INFO - //Started///
2021-06-19 20:03:43,216 - INFO - ******************Pass_test_login*********************************
2021-06-19 20:22:27,184 - INFO - ******************test_homePageTitle*************************
2021-06-19 20:22:27,186 - INFO - ******************Started*************************
2021-06-19 20:22:27,732 - INFO - ******************test_login_testcase_002*********************************
2021-06-19 20:22:27,732 - INFO - //Started///
2021-06-19 20:22:34,248 - INFO - ******************Pass_test_homePageTitle*********************************
2021-06-19 20:22:39,591 - INFO - ******************Pass_test_login*********************************
2021-06-19 20:23:54,425 - INFO - ******************test_homePageTitle*************************
2021-06-19 20:23:54,428 - INFO - ******************Started*************************
2021-06-19 20:23:54,435 - INFO - ******************test_login_testcase_002*********************************
2021-06-19 20:23:54,436 - INFO - //Started///
2021-06-19 20:24:00,401 - INFO - ******************Pass_test_homePageTitle*********************************
2021-06-19 20:24:06,069 - INFO - ******************Pass_test_login*********************************
2021-06-19 20:31:56,824 - INFO - ******************test_homePageTitle*************************
2021-06-19 20:31:56,826 - INFO - ******************Started*************************
2021-06-19 20:32:01,693 - INFO - ******************Pass_test_homePageTitle*********************************
2021-06-19 20:32:03,835 - INFO - ******************test_login_testcase_002*********************************
2021-06-19 20:32:03,835 - INFO - //Started///
2021-06-19 20:32:13,396 - INFO - ******************Pass_test_login*********************************
2021-06-19 20:50:51,580 - INFO - ******************test_homePageTitle*************************
2021-06-19 20:50:51,580 - INFO - ******************Started*************************
2021-06-19 20:50:59,955 - INFO - ******************Pass_test_homePageTitle*********************************
2021-06-19 20:51:01,755 - INFO - ******************test_login_testcase_002*********************************
2021-06-19 20:51:01,755 - INFO - //Started///
2021-06-19 20:51:12,173 - INFO - ******************Pass_test_login*********************************
2021-06-19 20:53:31,219 - INFO - ******************test_homePageTitle*************************
2021-06-19 20:53:31,221 - INFO - ******************Started*************************
2021-06-19 20:53:35,928 - INFO - ******************Pass_test_homePageTitle*********************************
2021-06-19 20:53:38,703 - INFO - ******************test_login_testcase_002*********************************
2021-06-19 20:53:38,703 - INFO - //Started///
2021-06-19 20:53:48,945 - INFO - ******************Pass_test_login*********************************
2021-06-20 13:45:05,609 - INFO - ******************Test_002_Login_DTT*************************
2021-06-20 13:45:05,609 - INFO - ******************Started*************************
2021-06-20 13:45:11,374 - INFO - ******************Pass_test_homePageTitle*********************************
2021-06-20 13:45:14,312 - INFO - ******************test_login_testcase_002*********************************
2021-06-20 13:45:14,312 - INFO - //Started///
2021-06-20 13:47:41,412 - INFO - ******************Test_002_Login_DTT*************************
2021-06-20 13:47:41,416 - INFO - ******************Started*************************
2021-06-20 13:47:45,654 - INFO - ******************Pass_test_homePageTitle*********************************
2021-06-20 13:47:48,090 - INFO - ******************test_login_testcase_002*********************************
2021-06-20 13:47:48,090 - INFO - //Started///
2021-06-20 13:49:22,478 - INFO - ******************Test_002_Login_DTT*************************
2021-06-20 13:49:22,483 - INFO - ******************Started*************************
2021-06-20 13:49:26,929 - INFO - ******************Pass_test_homePageTitle*********************************
2021-06-20 13:49:30,116 - INFO - ******************test_login_testcase_002*********************************
2021-06-20 13:49:30,116 - INFO - //Started///
2021-06-20 13:49:50,484 - INFO - *******Pass*******
2021-06-20 13:49:50,798 - INFO - ******************BDD completed**********
2021-06-20 13:53:19,973 - INFO - ******************Test_002_Login_DTT*************************
2021-06-20 13:53:19,976 - INFO - ******************Started*************************
2021-06-20 13:53:25,278 - INFO - ******************Pass_test_homePageTitle*********************************
2021-06-20 13:53:28,806 - INFO - ******************test_login_testcase_002*********************************
2021-06-20 13:53:28,806 - INFO - //Started///
2021-06-20 13:53:53,337 - INFO - *******Pass*******
2021-06-20 13:59:16,655 - INFO - ******************Test_002_Login_DTT*************************
2021-06-20 13:59:16,663 - INFO - ******************Started*************************
2021-06-20 13:59:22,167 - INFO - ******************Pass_test_homePageTitle*********************************
2021-06-20 13:59:25,154 - INFO - ******************test_login_testcase_002*********************************
2021-06-20 13:59:25,154 - INFO - //Started///
2021-06-20 13:59:45,812 - INFO - *******Pass*******
2021-06-20 14:00:48,870 - INFO - ******************Test_002_Login_DTT*************************
2021-06-20 14:00:48,870 - INFO - ******************Started*************************
2021-06-20 14:00:55,192 - INFO - ******************Pass_test_homePageTitle*********************************
2021-06-20 14:00:58,240 - INFO - ******************test_login_testcase_002*********************************
2021-06-20 14:00:58,248 - INFO - //Started///
2021-06-20 14:01:21,458 - INFO - *******Pass*******
2021-06-20 14:06:54,982 - INFO - ******************Test_002_Login_DTT*************************
2021-06-20 14:06:54,984 - INFO - ******************Started*************************
2021-06-20 14:07:02,397 - INFO - ******************Pass_test_homePageTitle*********************************
2021-06-20 14:07:04,538 - INFO - ******************test_login_testcase_002*********************************
2021-06-20 14:07:04,538 - INFO - //Started///
2021-06-20 14:07:26,875 - INFO - *******Pass*******
2021-06-20 14:08:40,255 - INFO - ******************Test_002_Login_DTT*************************
2021-06-20 14:08:40,255 - INFO - ******************Started*************************
2021-06-20 14:08:46,255 - INFO - ******************Pass_test_homePageTitle*********************************
2021-06-20 14:08:49,432 - INFO - ******************test_login_testcase_002*********************************
2021-06-20 14:08:49,432 - INFO - //Started///
2021-06-20 14:09:11,205 - INFO - *******Pass*******
2021-06-26 15:32:00,949 - INFO - ******************test_homePageTitle*************************
2021-06-26 15:32:00,951 - INFO - ******************Started*************************
2021-06-26 15:32:13,314 - INFO - ******************Pass_test_homePageTitle*********************************
2021-06-26 15:32:17,266 - INFO - ******************test_login_testcase_002*********************************
2021-06-26 15:32:17,267 - INFO - //Started///
2021-06-26 15:32:39,053 - INFO - ******************Pass_test_login*********************************
2021-09-02 11:04:43,318 - INFO - ****Started*****
2021-09-02 11:08:03,709 - INFO - ****Started*****
2021-09-02 11:08:07,207 - INFO - *******login page opened successfully*********
2021-09-02 11:08:10,163 - INFO - *******login page validation completed successfully*********
2021-09-02 11:08:15,173 - INFO - *******Home dashboard*********
2021-09-02 11:08:20,275 - INFO - *******customer dashboard*********
2021-09-02 11:08:23,846 - INFO - *******Customer addition started successfully*********
2021-09-02 11:08:38,521 - INFO - *******Subscription addition started*********
2021-09-02 11:08:45,859 - INFO - *******Subscription selected successfully*********
2021-09-02 11:08:45,859 - INFO - *******Desktop addition started*********
2021-09-02 11:09:02,576 - INFO - *******Desktop addition completed*********
2021-09-02 11:09:02,576 - INFO - *******Addons addition started*********
2021-09-02 11:09:07,886 - INFO - *******Addons added successfully*********
2021-09-02 11:09:07,886 - INFO - *******Customer review page*********
2021-09-02 17:14:17,218 - INFO - ****Started*****
2021-09-02 17:14:22,201 - INFO - *******login page opened successfully*********
2021-09-02 17:14:25,320 - INFO - *******login page validation completed successfully*********
2021-09-02 17:14:30,331 - INFO - *******Home dashboard*********
2021-09-02 17:14:35,496 - INFO - *******customer dashboard*********
2021-09-02 17:14:38,893 - INFO - *******Customer addition started successfully*********
2021-09-02 17:14:54,374 - INFO - *******Subscription addition started*********
2021-09-02 17:15:02,009 - INFO - *******Subscription selected successfully*********
2021-09-02 17:15:02,009 - INFO - *******Desktop addition started*********
2021-09-02 17:15:19,468 - INFO - *******Desktop addition completed*********
2021-09-02 17:15:19,468 - INFO - *******Addons addition started*********
2021-09-02 17:15:24,857 - INFO - *******Addons added successfully*********
2021-09-02 17:15:24,857 - INFO - *******Customer review page*********
2021-09-16 13:54:31,568 - INFO - ****Started*****
2021-09-16 13:54:43,651 - INFO - *******login page opened successfully*********
2021-09-16 13:54:46,959 - INFO - *******login page validation completed successfully*********
2021-09-16 13:54:51,973 - INFO - *******Home dashboard*********
2021-09-16 13:54:57,059 - INFO - *******customer dashboard*********
2021-09-20 21:01:15,158 - INFO - ****Started*****
2021-09-20 21:01:26,266 - INFO - *******login page opened successfully*********
2021-09-20 21:55:08,167 - INFO - ****Started*****
2021-09-20 21:55:08,167 - INFO - ****Started*****
2021-09-20 21:55:08,167 - INFO - ****Started*****
2021-09-20 21:55:11,871 - INFO - *******login page opened successfully*********
2021-09-20 21:55:11,871 - INFO - *******login page opened successfully*********
2021-09-20 21:55:11,871 - INFO - *******login page opened successfully*********
2021-09-20 21:55:14,871 - INFO - *******login page validation completed successfully*********
2021-09-20 21:55:14,871 - INFO - *******login page validation completed successfully*********
2021-09-20 21:55:14,871 - INFO - *******login page validation completed successfully*********
2021-09-20 21:55:19,881 - INFO - *******Home dashboard*********
2021-09-20 21:55:19,881 - INFO - *******Home dashboard*********
2021-09-20 21:55:19,881 - INFO - *******Home dashboard*********
2021-09-20 21:55:25,076 - INFO - *******customer dashboard*********
2021-09-20 21:55:25,076 - INFO - *******customer dashboard*********
2021-09-20 21:55:25,076 - INFO - *******customer dashboard*********
2021-10-01 12:32:09,894 - INFO - ****Started*****
2021-10-01 12:32:19,224 - INFO - *******login page opened successfully*********
2021-10-01 12:32:22,331 - INFO - *******login page validation completed successfully*********
2021-10-01 12:32:27,344 - INFO - *******Home dashboard*********
2021-10-01 12:32:32,482 - INFO - *******customer dashboard*********
2021-10-01 12:32:35,866 - INFO - *******Customer addition started successfully*********
2021-10-01 12:33:42,143 - INFO - ****Started*****
2021-10-01 12:33:46,912 - INFO - *******login page opened successfully*********
2021-10-01 12:33:50,069 - INFO - *******login page validation completed successfully*********
2021-10-01 12:33:55,070 - INFO - *******Home dashboard*********
2021-10-01 12:34:00,216 - INFO - *******customer dashboard*********
2021-10-01 12:34:03,622 - INFO - *******Customer addition started successfully*********
2021-10-01 12:36:07,999 - INFO - ****Started*****
2021-10-01 12:36:12,202 - INFO - *******login page opened successfully*********
2021-10-01 12:36:15,410 - INFO - *******login page validation completed successfully*********
2021-10-01 12:36:20,412 - INFO - *******Home dashboard*********
2021-10-01 12:36:25,537 - INFO - *******customer dashboard*********
2021-10-01 12:36:28,966 - INFO - *******Customer addition started successfully*********
2021-10-01 12:51:12,218 - INFO - ****Started*****
2021-10-01 12:51:16,507 - INFO - *******login page opened successfully*********
2021-10-01 12:51:19,787 - INFO - *******login page validation completed successfully*********
2021-10-01 12:51:24,789 - INFO - *******Home dashboard*********
2021-10-01 12:51:29,918 - INFO - *******customer dashboard*********
2021-10-01 12:51:33,343 - INFO - *******Customer addition started successfully*********
2021-10-01 12:53:18,959 - INFO - ****Started*****
2021-10-01 12:53:23,074 - INFO - *******login page opened successfully*********
2021-10-01 12:53:26,399 - INFO - *******login page validation completed successfully*********
2021-10-01 12:53:31,401 - INFO - *******Home dashboard*********
2021-10-01 12:53:36,616 - INFO - *******customer dashboard*********
2021-10-01 12:53:40,029 - INFO - *******Customer addition started successfully*********
2021-10-01 12:53:55,119 - INFO - *******Subscription addition started*********
2021-10-01 12:55:23,040 - INFO - ****Started*****
2021-10-01 12:55:27,337 - INFO - *******login page opened successfully*********
2021-10-01 12:55:30,684 - INFO - *******login page validation completed successfully*********
2021-10-01 12:55:35,694 - INFO - *******Home dashboard*********
2021-10-01 12:55:40,827 - INFO - *******customer dashboard*********
2021-10-01 12:55:44,317 - INFO - *******Customer addition started successfully*********
2021-10-01 12:55:59,407 - INFO - *******Subscription addition started*********
2021-10-01 12:56:08,105 - INFO - *******Subscription selected successfully*********
2021-10-01 12:56:08,105 - INFO - *******Desktop addition started*********
2021-10-01 12:56:13,520 - INFO - *******Desktop addition completed*********
2021-10-01 12:56:13,520 - INFO - *******Addons addition started*********
2021-10-01 12:56:18,945 - INFO - *******Addons added successfully*********
2021-10-01 12:56:18,946 - INFO - *******Customer review page*********
2021-10-01 12:56:19,734 - INFO - ****Started*****
2021-10-01 12:56:19,734 - INFO - ****Started*****
2021-10-01 12:56:23,879 - INFO - *******login page opened successfully*********
2021-10-01 12:56:23,879 - INFO - *******login page opened successfully*********
2021-10-01 12:56:27,326 - INFO - *******login page validation completed successfully*********
2021-10-01 12:56:27,326 - INFO - *******login page validation completed successfully*********
2021-10-01 12:56:32,329 - INFO - *******Home dashboard*********
2021-10-01 12:56:32,329 - INFO - *******Home dashboard*********
2021-10-01 12:56:37,490 - INFO - *******customer dashboard*********
2021-10-01 12:56:37,490 - INFO - *******customer dashboard*********
2021-10-01 13:10:35,325 - INFO - ****Started*****
2021-10-01 13:10:39,614 - INFO - *******login page opened successfully*********
2021-10-01 13:10:43,459 - INFO - *******login page validation completed successfully*********
2021-10-01 13:10:48,459 - INFO - *******Home dashboard*********
2021-10-01 13:10:53,572 - INFO - *******customer dashboard*********
2021-10-01 13:10:56,969 - INFO - *******Customer addition started successfully*********
2021-10-01 13:11:12,309 - INFO - *******Subscription addition started*********
2021-10-01 13:11:20,989 - INFO - *******Subscription selected successfully*********
2021-10-01 13:11:20,989 - INFO - *******Desktop addition started*********
2021-10-01 13:11:26,475 - INFO - *******Desktop addition completed*********
2021-10-01 13:11:26,476 - INFO - *******Addons addition started*********
2021-10-01 13:11:31,846 - INFO - *******Addons added successfully*********
2021-10-01 13:11:31,846 - INFO - *******Customer review page*********
2021-10-01 13:11:31,992 - INFO - *******New customer added successfully*********
2021-10-01 13:11:37,902 - INFO - ****Started*****
2021-10-01 13:11:37,902 - INFO - ****Started*****
2021-10-01 13:11:42,332 - INFO - *******login page opened successfully*********
2021-10-01 13:11:42,332 - INFO - *******login page opened successfully*********
2021-10-01 13:11:45,133 - INFO - *******login page validation completed successfully*********
2021-10-01 13:11:45,133 - INFO - *******login page validation completed successfully*********
2021-10-01 13:11:50,139 - INFO - *******Home dashboard*********
2021-10-01 13:11:50,139 - INFO - *******Home dashboard*********
2021-10-01 13:11:55,253 - INFO - *******customer dashboard*********
2021-10-01 13:11:55,253 - INFO - *******customer dashboard*********
2021-10-01 13:11:58,628 - INFO - *******Customer addition started successfully*********
2021-10-01 13:11:58,628 - INFO - *******Customer addition started successfully*********
2021-10-01 13:12:13,659 - INFO - *******Subscription addition started*********
2021-10-01 13:12:13,659 - INFO - *******Subscription addition started*********
2021-10-01 13:12:22,333 - INFO - *******Subscription selected successfully*********
2021-10-01 13:12:22,333 - INFO - *******Subscription selected successfully*********
2021-10-01 13:12:22,333 - INFO - *******Desktop addition started*********
2021-10-01 13:12:22,333 - INFO - *******Desktop addition started*********
2021-10-01 13:12:28,112 - INFO - *******Desktop addition completed*********
2021-10-01 13:12:28,112 - INFO - *******Desktop addition completed*********
2021-10-01 13:12:28,112 - INFO - *******Addons addition started*********
2021-10-01 13:12:28,112 - INFO - *******Addons addition started*********
2021-10-01 13:12:33,518 - INFO - *******Addons added successfully*********
2021-10-01 13:12:33,518 - INFO - *******Addons added successfully*********
2021-10-01 13:12:33,519 - INFO - *******Customer review page*********
2021-10-01 13:12:33,519 - INFO - *******Customer review page*********
2021-10-01 13:12:33,663 - INFO - *******New customer added successfully*********
2021-10-01 13:12:33,663 - INFO - *******New customer added successfully*********
2021-10-01 13:12:39,554 - INFO - ****Started*****
2021-10-01 13:12:39,554 - INFO - ****Started*****
2021-10-01 13:12:39,554 - INFO - ****Started*****
2021-10-01 13:12:43,165 - INFO - *******login page opened successfully*********
2021-10-01 13:12:43,165 - INFO - *******login page opened successfully*********
2021-10-01 13:12:43,165 - INFO - *******login page opened successfully*********
2021-10-01 13:12:45,986 - INFO - *******login page validation completed successfully*********
2021-10-01 13:12:45,986 - INFO - *******login page validation completed successfully*********
2021-10-01 13:12:45,986 - INFO - *******login page validation completed successfully*********
2021-10-01 13:12:50,999 - INFO - *******Home dashboard*********
2021-10-01 13:12:50,999 - INFO - *******Home dashboard*********
2021-10-01 13:12:50,999 - INFO - *******Home dashboard*********
2021-10-01 13:12:56,107 - INFO - *******customer dashboard*********
2021-10-01 13:12:56,107 - INFO - *******customer dashboard*********
2021-10-01 13:12:56,107 - INFO - *******customer dashboard*********
2021-10-01 13:12:59,474 - INFO - *******Customer addition started successfully*********
2021-10-01 13:12:59,474 - INFO - *******Customer addition started successfully*********
2021-10-01 13:12:59,474 - INFO - *******Customer addition started successfully*********
2021-10-01 13:13:14,567 - INFO - *******Subscription addition started*********
2021-10-01 13:13:14,567 - INFO - *******Subscription addition started*********
2021-10-01 13:13:14,567 - INFO - *******Subscription addition started*********
2021-10-01 13:13:23,250 - INFO - *******Subscription selected successfully*********
2021-10-01 13:13:23,250 - INFO - *******Subscription selected successfully*********
2021-10-01 13:13:23,250 - INFO - *******Subscription selected successfully*********
2021-10-01 13:13:23,250 - INFO - *******Desktop addition started*********
2021-10-01 13:13:23,250 - INFO - *******Desktop addition started*********
2021-10-01 13:13:23,250 - INFO - *******Desktop addition started*********
2021-10-01 13:13:29,440 - INFO - *******Desktop addition completed*********
2021-10-01 13:13:29,440 - INFO - *******Desktop addition completed*********
2021-10-01 13:13:29,440 - INFO - *******Desktop addition completed*********
2021-10-01 13:13:29,440 - INFO - *******Addons addition started*********
2021-10-01 13:13:29,440 - INFO - *******Addons addition started*********
2021-10-01 13:13:29,440 - INFO - *******Addons addition started*********
2021-10-01 13:13:34,877 - INFO - *******Addons added successfully*********
2021-10-01 13:13:34,877 - INFO - *******Addons added successfully*********
2021-10-01 13:13:34,877 - INFO - *******Addons added successfully*********
2021-10-01 13:13:34,878 - INFO - *******Customer review page*********
2021-10-01 13:13:34,878 - INFO - *******Customer review page*********
2021-10-01 13:13:34,878 - INFO - *******Customer review page*********
2021-10-01 13:13:35,072 - INFO - *******New customer added successfully*********
2021-10-01 13:13:35,072 - INFO - *******New customer added successfully*********
2021-10-01 13:13:35,072 - INFO - *******New customer added successfully*********
2021-10-01 13:13:40,895 - INFO - ****Started*****
2021-10-01 13:13:40,895 - INFO - ****Started*****
2021-10-01 13:13:40,895 - INFO - ****Started*****
2021-10-01 13:13:40,895 - INFO - ****Started*****
2021-10-01 13:13:44,484 - INFO - *******login page opened successfully*********
2021-10-01 13:13:44,484 - INFO - *******login page opened successfully*********
2021-10-01 13:13:44,484 - INFO - *******login page opened successfully*********
2021-10-01 13:13:44,484 - INFO - *******login page opened successfully*********
2021-10-01 13:13:47,362 - INFO - *******login page validation completed successfully*********
2021-10-01 13:13:47,362 - INFO - *******login page validation completed successfully*********
2021-10-01 13:13:47,362 - INFO - *******login page validation completed successfully*********
2021-10-01 13:13:47,362 - INFO - *******login page validation completed successfully*********
2021-10-01 13:13:52,376 - INFO - *******Home dashboard*********
2021-10-01 13:13:52,376 - INFO - *******Home dashboard*********
2021-10-01 13:13:52,376 - INFO - *******Home dashboard*********
2021-10-01 13:13:52,376 - INFO - *******Home dashboard*********
2021-10-01 13:13:57,489 - INFO - *******customer dashboard*********
2021-10-01 13:13:57,489 - INFO - *******customer dashboard*********
2021-10-01 13:13:57,489 - INFO - *******customer dashboard*********
2021-10-01 13:13:57,489 - INFO - *******customer dashboard*********
2021-10-01 13:14:00,934 - INFO - *******Customer addition started successfully*********
2021-10-01 13:14:00,934 - INFO - *******Customer addition started successfully*********
2021-10-01 13:14:00,934 - INFO - *******Customer addition started successfully*********
2021-10-01 13:14:00,934 - INFO - *******Customer addition started successfully*********
2021-10-01 13:14:15,889 - INFO - *******Subscription addition started*********
2021-10-01 13:14:15,889 - INFO - *******Subscription addition started*********
2021-10-01 13:14:15,889 - INFO - *******Subscription addition started*********
2021-10-01 13:14:15,889 - INFO - *******Subscription addition started*********
2021-10-01 13:14:24,528 - INFO - *******Subscription selected successfully*********
2021-10-01 13:14:24,528 - INFO - *******Subscription selected successfully*********
2021-10-01 13:14:24,528 - INFO - *******Subscription selected successfully*********
2021-10-01 13:14:24,528 - INFO - *******Subscription selected successfully*********
2021-10-01 13:14:24,528 - INFO - *******Desktop addition started*********
2021-10-01 13:14:24,528 - INFO - *******Desktop addition started*********
2021-10-01 13:14:24,528 - INFO - *******Desktop addition started*********
2021-10-01 13:14:24,528 - INFO - *******Desktop addition started*********
2021-10-01 13:14:31,355 - INFO - *******Desktop addition completed*********
2021-10-01 13:14:31,355 - INFO - *******Desktop addition completed*********
2021-10-01 13:14:31,355 - INFO - *******Desktop addition completed*********
2021-10-01 13:14:31,355 - INFO - *******Desktop addition completed*********
2021-10-01 13:14:31,355 - INFO - *******Addons addition started*********
2021-10-01 13:14:31,355 - INFO - *******Addons addition started*********
2021-10-01 13:14:31,355 - INFO - *******Addons addition started*********
2021-10-01 13:14:31,355 - INFO - *******Addons addition started*********
2021-10-01 13:14:36,866 - INFO - *******Addons added successfully*********
2021-10-01 13:14:36,866 - INFO - *******Addons added successfully*********
2021-10-01 13:14:36,866 - INFO - *******Addons added successfully*********
2021-10-01 13:14:36,866 - INFO - *******Addons added successfully*********
2021-10-01 13:14:36,866 - INFO - *******Customer review page*********
2021-10-01 13:14:36,866 - INFO - *******Customer review page*********
2021-10-01 13:14:36,866 - INFO - *******Customer review page*********
2021-10-01 13:14:36,866 - INFO - *******Customer review page*********
2021-10-01 13:14:37,016 - INFO - *******New customer added successfully*********
2021-10-01 13:14:37,016 - INFO - *******New customer added successfully*********
2021-10-01 13:14:37,016 - INFO - *******New customer added successfully*********
2021-10-01 13:14:37,016 - INFO - *******New customer added successfully*********
2021-10-01 13:14:42,792 - INFO - ****Started*****
2021-10-01 13:14:42,792 - INFO - ****Started*****
2021-10-01 13:14:42,792 - INFO - ****Started*****
2021-10-01 13:14:42,792 - INFO - ****Started*****
2021-10-01 13:14:42,792 - INFO - ****Started*****
2021-10-01 13:14:46,002 - INFO - *******login page opened successfully*********
2021-10-01 13:14:46,002 - INFO - *******login page opened successfully*********
2021-10-01 13:14:46,002 - INFO - *******login page opened successfully*********
2021-10-01 13:14:46,002 - INFO - *******login page opened successfully*********
2021-10-01 13:14:46,002 - INFO - *******login page opened successfully*********
2021-10-01 13:14:48,803 - INFO - *******login page validation completed successfully*********
2021-10-01 13:14:48,803 - INFO - *******login page validation completed successfully*********
2021-10-01 13:14:48,803 - INFO - *******login page validation completed successfully*********
2021-10-01 13:14:48,803 - INFO - *******login page validation completed successfully*********
2021-10-01 13:14:48,803 - INFO - *******login page validation completed successfully*********
2021-10-01 13:14:53,804 - INFO - *******Home dashboard*********
2021-10-01 13:14:53,804 - INFO - *******Home dashboard*********
2021-10-01 13:14:53,804 - INFO - *******Home dashboard*********
2021-10-01 13:14:53,804 - INFO - *******Home dashboard*********
2021-10-01 13:14:53,804 - INFO - *******Home dashboard*********
2021-10-01 13:14:58,924 - INFO - *******customer dashboard*********
2021-10-01 13:14:58,924 - INFO - *******customer dashboard*********
2021-10-01 13:14:58,924 - INFO - *******customer dashboard*********
2021-10-01 13:14:58,924 - INFO - *******customer dashboard*********
2021-10-01 13:14:58,924 - INFO - *******customer dashboard*********
2021-10-01 13:15:02,348 - INFO - *******Customer addition started successfully*********
2021-10-01 13:15:02,348 - INFO - *******Customer addition started successfully*********
2021-10-01 13:15:02,348 - INFO - *******Customer addition started successfully*********
2021-10-01 13:15:02,348 - INFO - *******Customer addition started successfully*********
2021-10-01 13:15:02,348 - INFO - *******Customer addition started successfully*********
2021-10-01 13:15:17,344 - INFO - *******Subscription addition started*********
2021-10-01 13:15:17,344 - INFO - *******Subscription addition started*********
2021-10-01 13:15:17,344 - INFO - *******Subscription addition started*********
2021-10-01 13:15:17,344 - INFO - *******Subscription addition started*********
2021-10-01 13:15:17,344 - INFO - *******Subscription addition started*********
2021-10-01 13:15:26,006 - INFO - *******Subscription selected successfully*********
2021-10-01 13:15:26,006 - INFO - *******Subscription selected successfully*********
2021-10-01 13:15:26,006 - INFO - *******Subscription selected successfully*********
2021-10-01 13:15:26,006 - INFO - *******Subscription selected successfully*********
2021-10-01 13:15:26,006 - INFO - *******Subscription selected successfully*********
2021-10-01 13:15:26,006 - INFO - *******Desktop addition started*********
2021-10-01 13:15:26,006 - INFO - *******Desktop addition started*********
2021-10-01 13:15:26,006 - INFO - *******Desktop addition started*********
2021-10-01 13:15:26,006 - INFO - *******Desktop addition started*********
2021-10-01 13:15:26,006 - INFO - *******Desktop addition started*********
2021-10-01 13:15:33,488 - INFO - *******Desktop addition completed*********
2021-10-01 13:15:33,488 - INFO - *******Desktop addition completed*********
2021-10-01 13:15:33,488 - INFO - *******Desktop addition completed*********
2021-10-01 13:15:33,488 - INFO - *******Desktop addition completed*********
2021-10-01 13:15:33,488 - INFO - *******Desktop addition completed*********
2021-10-01 13:15:33,488 - INFO - *******Addons addition started*********
2021-10-01 13:15:33,488 - INFO - *******Addons addition started*********
2021-10-01 13:15:33,488 - INFO - *******Addons addition started*********
2021-10-01 13:15:33,488 - INFO - *******Addons addition started*********
2021-10-01 13:15:33,488 - INFO - *******Addons addition started*********
2021-10-01 13:15:38,907 - INFO - *******Addons added successfully*********
2021-10-01 13:15:38,907 - INFO - *******Addons added successfully*********
2021-10-01 13:15:38,907 - INFO - *******Addons added successfully*********
2021-10-01 13:15:38,907 - INFO - *******Addons added successfully*********
2021-10-01 13:15:38,907 - INFO - *******Addons added successfully*********
2021-10-01 13:15:38,908 - INFO - *******Customer review page*********
2021-10-01 13:15:38,908 - INFO - *******Customer review page*********
2021-10-01 13:15:38,908 - INFO - *******Customer review page*********
2021-10-01 13:15:38,908 - INFO - *******Customer review page*********
2021-10-01 13:15:38,908 - INFO - *******Customer review page*********
2021-10-01 13:15:39,058 - INFO - *******New customer added successfully*********
2021-10-01 13:15:39,058 - INFO - *******New customer added successfully*********
2021-10-01 13:15:39,058 - INFO - *******New customer added successfully*********
2021-10-01 13:15:39,058 - INFO - *******New customer added successfully*********
2021-10-01 13:15:39,058 - INFO - *******New customer added successfully*********
2021-10-03 11:47:21,162 - INFO - ******************test_homePageTitle*************************
2021-10-03 11:47:21,165 - INFO - ******************Started*************************
2021-10-03 11:47:25,854 - INFO - ******************Pass_test_homePageTitle*********************************
2021-10-03 11:47:28,062 - INFO - ******************test_login_testcase_002*********************************
2021-10-03 11:47:28,062 - INFO - //Started///
2021-10-03 11:47:37,534 - INFO - ******************Pass_test_login*********************************
